<?xml version="1.0" encoding="UTF-8"?>
<!-- Generated by org.testng.reporters.JUnitXMLReporter -->
<testsuite hostname="thakurr-ltmy43h.internal.salesforce.com" ignored="0" name="Test" tests="1" failures="1" timestamp="2022-04-12T21:51:20 IST" time="0.469" errors="0">
  <testcase name="runScenario" time="0.067" classname="io.cucumber.testng.AbstractTestNGCucumberTests">
    <failure type="io.cucumber.testng.UndefinedStepException" message="The step &amp;apos;user is on the EB Application Admin site&amp;apos; and 2 other step(s) are undefined.
You can implement these steps using the snippet(s) below:

@Given(&amp;quot;user is on the EB Application Admin site&amp;quot;)
public void user_is_on_the_eb_application_admin_site() {
    // Write code here that turns the phrase above into concrete actions
    throw new io.cucumber.java.PendingException();
}
@When(&amp;quot;user enters username {string} and password {string} and clicks on Login button&amp;quot;)
public void user_enters_username_and_password_and_clicks_on_login_button(String string, String string2) {
    // Write code here that turns the phrase above into concrete actions
    throw new io.cucumber.java.PendingException();
}
@Then(&amp;quot;user is able to login successfully&amp;quot;)
public void user_is_able_to_login_successfully() {
    // Write code here that turns the phrase above into concrete actions
    throw new io.cucumber.java.PendingException();
}
">
      <![CDATA[io.cucumber.testng.UndefinedStepException: The step 'user is on the EB Application Admin site' and 2 other step(s) are undefined.
You can implement these steps using the snippet(s) below:

@Given("user is on the EB Application Admin site")
public void user_is_on_the_eb_application_admin_site() {
    // Write code here that turns the phrase above into concrete actions
    throw new io.cucumber.java.PendingException();
}
@When("user enters username {string} and password {string} and clicks on Login button")
public void user_enters_username_and_password_and_clicks_on_login_button(String string, String string2) {
    // Write code here that turns the phrase above into concrete actions
    throw new io.cucumber.java.PendingException();
}
@Then("user is able to login successfully")
public void user_is_able_to_login_successfully() {
    // Write code here that turns the phrase above into concrete actions
    throw new io.cucumber.java.PendingException();
}

at io.cucumber.core.runtime.TestCaseResultObserver.assertTestCasePassed(TestCaseResultObserver.java:69)
at io.cucumber.testng.TestCaseResultObserver.assertTestCasePassed(TestCaseResultObserver.java:23)
at io.cucumber.testng.TestNGCucumberRunner.lambda$runScenario$1(TestNGCucumberRunner.java:133)
at io.cucumber.core.runtime.CucumberExecutionContext.lambda$runTestCase$3(CucumberExecutionContext.java:110)
at io.cucumber.core.runtime.RethrowingThrowableCollector.executeAndThrow(RethrowingThrowableCollector.java:23)
at io.cucumber.core.runtime.CucumberExecutionContext.runTestCase(CucumberExecutionContext.java:110)
at io.cucumber.testng.TestNGCucumberRunner.runScenario(TestNGCucumberRunner.java:129)
at io.cucumber.testng.AbstractTestNGCucumberTests.runScenario(AbstractTestNGCucumberTests.java:35)
at java.util.ArrayList.forEach(ArrayList.java:1259)
... Removed 27 stack frames]]>
    </failure>
  </testcase> <!-- runScenario -->
</testsuite> <!-- Test -->
